<?xml version="1.0" encoding="UTF-8"?>
<robot generator="Robot 5.0.1 (Python 3.10.6 on win32)" generated="20230227 21:45:19.576" rpa="false" schemaversion="3">
<suite id="s1" name="Test Site" source="c:\Users\Naim\Scripts\Scripts Projet CV\testcases\test_site.robot">
<test id="s1-t1" name="Ouverture du navigateur" line="12">
<kw name="Open Browser" library="SeleniumLibrary">
<arg>${URL}</arg>
<arg>${browser}</arg>
<doc>Opens a new browser instance to the optional ``url``.</doc>
<msg timestamp="20230227 21:45:19.975" level="INFO">Opening browser 'chrome' to base url 'https://naimgar.github.io/NaimCV/index.html'.</msg>
<status status="PASS" starttime="20230227 21:45:19.975" endtime="20230227 21:45:23.980"/>
</kw>
<kw name="Maximize Browser Window" library="SeleniumLibrary">
<doc>Maximizes current browser window.</doc>
<status status="PASS" starttime="20230227 21:45:23.991" endtime="20230227 21:45:24.147"/>
</kw>
<kw name="Sleep" library="BuiltIn">
<arg>4</arg>
<doc>Pauses the test executed for the given time.</doc>
<msg timestamp="20230227 21:45:28.169" level="INFO">Slept 4 seconds</msg>
<status status="PASS" starttime="20230227 21:45:24.156" endtime="20230227 21:45:28.169"/>
</kw>
<status status="PASS" starttime="20230227 21:45:19.973" endtime="20230227 21:45:28.172"/>
</test>
<test id="s1-t2" name="Test de la strucrures de la page" line="17">
<kw name="Click Link" library="SeleniumLibrary">
<arg>xpath://a[@title='Education']</arg>
<doc>Clicks a link identified by ``locator``.</doc>
<msg timestamp="20230227 21:45:28.183" level="INFO">Clicking link 'xpath://a[@title='Education']'.</msg>
<status status="PASS" starttime="20230227 21:45:28.181" endtime="20230227 21:45:28.301"/>
</kw>
<kw name="Sleep" library="BuiltIn">
<arg>4</arg>
<doc>Pauses the test executed for the given time.</doc>
<msg timestamp="20230227 21:45:32.303" level="INFO">Slept 4 seconds</msg>
<status status="PASS" starttime="20230227 21:45:28.302" endtime="20230227 21:45:32.303"/>
</kw>
<kw name="Execute Javascript" library="SeleniumLibrary">
<arg>window.scrollTo(0,1000)</arg>
<doc>Executes the given JavaScript code with possible arguments.</doc>
<msg timestamp="20230227 21:45:32.313" level="INFO">Executing JavaScript:
window.scrollTo(0,1000)
Without any arguments.</msg>
<status status="PASS" starttime="20230227 21:45:32.311" endtime="20230227 21:45:32.333"/>
</kw>
<kw name="Sleep" library="BuiltIn">
<arg>3</arg>
<doc>Pauses the test executed for the given time.</doc>
<msg timestamp="20230227 21:45:35.346" level="INFO">Slept 3 seconds</msg>
<status status="PASS" starttime="20230227 21:45:32.340" endtime="20230227 21:45:35.346"/>
</kw>
<kw name="Execute Javascript" library="SeleniumLibrary">
<arg>window.scrollTo(0,-5000)</arg>
<doc>Executes the given JavaScript code with possible arguments.</doc>
<msg timestamp="20230227 21:45:35.351" level="INFO">Executing JavaScript:
window.scrollTo(0,-5000)
Without any arguments.</msg>
<status status="PASS" starttime="20230227 21:45:35.349" endtime="20230227 21:45:35.363"/>
</kw>
<kw name="Sleep" library="BuiltIn">
<arg>2</arg>
<doc>Pauses the test executed for the given time.</doc>
<msg timestamp="20230227 21:45:37.372" level="INFO">Slept 2 seconds</msg>
<status status="PASS" starttime="20230227 21:45:35.365" endtime="20230227 21:45:37.372"/>
</kw>
<kw name="Execute Javascript" library="SeleniumLibrary">
<arg>window.scrollTo(0,document.body.scrollHeight)</arg>
<doc>Executes the given JavaScript code with possible arguments.</doc>
<msg timestamp="20230227 21:45:37.379" level="INFO">Executing JavaScript:
window.scrollTo(0,document.body.scrollHeight)
Without any arguments.</msg>
<status status="PASS" starttime="20230227 21:45:37.378" endtime="20230227 21:45:37.398"/>
</kw>
<kw name="Sleep" library="BuiltIn">
<arg>3</arg>
<doc>Pauses the test executed for the given time.</doc>
<msg timestamp="20230227 21:45:40.409" level="INFO">Slept 3 seconds</msg>
<status status="PASS" starttime="20230227 21:45:37.399" endtime="20230227 21:45:40.409"/>
</kw>
<kw name="Execute Javascript" library="SeleniumLibrary">
<arg>window.scrollTo(0,-document.body.scrollHeight)</arg>
<doc>Executes the given JavaScript code with possible arguments.</doc>
<msg timestamp="20230227 21:45:40.445" level="INFO">Executing JavaScript:
window.scrollTo(0,-document.body.scrollHeight)
Without any arguments.</msg>
<status status="PASS" starttime="20230227 21:45:40.443" endtime="20230227 21:45:40.478"/>
</kw>
<kw name="Sleep" library="BuiltIn">
<arg>4</arg>
<doc>Pauses the test executed for the given time.</doc>
<msg timestamp="20230227 21:45:44.494" level="INFO">Slept 4 seconds</msg>
<status status="PASS" starttime="20230227 21:45:40.481" endtime="20230227 21:45:44.495"/>
</kw>
<status status="PASS" starttime="20230227 21:45:28.180" endtime="20230227 21:45:44.501"/>
</test>
<test id="s1-t3" name="capture de l'ecran" line="28">
<kw name="capture de l'ecran">
<kw name="Capture Page Screenshot" library="SeleniumLibrary">
<arg>page1.png</arg>
<doc>Takes a screenshot of the current page and embeds it into a log file.</doc>
<msg timestamp="20230227 21:45:44.843" level="INFO" html="true">&lt;/td&gt;&lt;/tr&gt;&lt;tr&gt;&lt;td colspan="3"&gt;&lt;a href="page1.png"&gt;&lt;img src="page1.png" width="800px"&gt;&lt;/a&gt;</msg>
<status status="PASS" starttime="20230227 21:45:44.507" endtime="20230227 21:45:44.844"/>
</kw>
<status status="PASS" starttime="20230227 21:45:44.506" endtime="20230227 21:45:44.845"/>
</kw>
<status status="PASS" starttime="20230227 21:45:44.505" endtime="20230227 21:45:44.846"/>
</test>
<test id="s1-t4" name="verfier le titre de la page" line="30">
<kw name="verfier le titre de la page">
<kw name="Title Should Be" library="SeleniumLibrary">
<arg>CV NAIM Garouachi</arg>
<doc>Verifies that the current page title equals ``title``.</doc>
<msg timestamp="20230227 21:45:44.874" level="INFO">Page title is 'CV NAIM Garouachi'.</msg>
<status status="PASS" starttime="20230227 21:45:44.853" endtime="20230227 21:45:44.874"/>
</kw>
<status status="PASS" starttime="20230227 21:45:44.852" endtime="20230227 21:45:44.875"/>
</kw>
<status status="PASS" starttime="20230227 21:45:44.851" endtime="20230227 21:45:44.875"/>
</test>
<test id="s1-t5" name="verfier adresse url de la page" line="32">
<kw name="verfier adresse url de la page">
<kw name="Location Should Be" library="SeleniumLibrary">
<arg>https://naimgar.github.io/NaimCV/index.html#education</arg>
<doc>Verifies that the current URL is exactly ``url``.</doc>
<msg timestamp="20230227 21:45:44.932" level="INFO">Current location is 'https://naimgar.github.io/NaimCV/index.html#education'.</msg>
<status status="PASS" starttime="20230227 21:45:44.881" endtime="20230227 21:45:44.932"/>
</kw>
<status status="PASS" starttime="20230227 21:45:44.880" endtime="20230227 21:45:44.933"/>
</kw>
<status status="PASS" starttime="20230227 21:45:44.879" endtime="20230227 21:45:44.935"/>
</test>
<test id="s1-t6" name="verfier le reste des elements de la page" line="34">
<kw name="verfier le reste des elements de la page">
<kw name="Page Should Contain Element" library="SeleniumLibrary">
<arg>xpath=//h2[text()='Contact']</arg>
<doc>Verifies that element ``locator`` is found on the current page.</doc>
<msg timestamp="20230227 21:45:44.973" level="INFO">Current page contains element 'xpath=//h2[text()='Contact']'.</msg>
<status status="PASS" starttime="20230227 21:45:44.939" endtime="20230227 21:45:44.974"/>
</kw>
<kw name="Page Should Contain Element" library="SeleniumLibrary">
<arg>xpath=//h2[text()='Experience']</arg>
<doc>Verifies that element ``locator`` is found on the current page.</doc>
<msg timestamp="20230227 21:45:44.999" level="INFO">Current page contains element 'xpath=//h2[text()='Experience']'.</msg>
<status status="PASS" starttime="20230227 21:45:44.974" endtime="20230227 21:45:44.999"/>
</kw>
<status status="PASS" starttime="20230227 21:45:44.939" endtime="20230227 21:45:44.999"/>
</kw>
<status status="PASS" starttime="20230227 21:45:44.937" endtime="20230227 21:45:45.000"/>
</test>
<test id="s1-t7" name="verfier des liens dans la page" line="36">
<kw name="verfier les liens dans la page">
<kw name="Page Should Contain Link" library="SeleniumLibrary">
<arg>xpath=//a[@title='Skills']</arg>
<doc>Verifies link identified by ``locator`` is found from current page.</doc>
<msg timestamp="20230227 21:45:45.054" level="INFO">Current page contains link 'xpath=//a[@title='Skills']'.</msg>
<status status="PASS" starttime="20230227 21:45:45.006" endtime="20230227 21:45:45.054"/>
</kw>
<kw name="Page Should Contain Link" library="SeleniumLibrary">
<arg>xpath=//a[@title='Education']</arg>
<doc>Verifies link identified by ``locator`` is found from current page.</doc>
<msg timestamp="20230227 21:45:45.089" level="INFO">Current page contains link 'xpath=//a[@title='Education']'.</msg>
<status status="PASS" starttime="20230227 21:45:45.054" endtime="20230227 21:45:45.090"/>
</kw>
<status status="PASS" starttime="20230227 21:45:45.005" endtime="20230227 21:45:45.090"/>
</kw>
<status status="PASS" starttime="20230227 21:45:45.003" endtime="20230227 21:45:45.091"/>
</test>
<test id="s1-t8" name="verfier le lien vers le pdf" line="38">
<kw name="verfier le lien vers le pdf">
<kw name="Page Should Contain Element" library="SeleniumLibrary">
<arg>xpath=//a[text()='Telecharger mon CV']</arg>
<doc>Verifies that element ``locator`` is found on the current page.</doc>
<msg timestamp="20230227 21:45:45.180" level="INFO">Current page contains element 'xpath=//a[text()='Telecharger mon CV']'.</msg>
<status status="PASS" starttime="20230227 21:45:45.096" endtime="20230227 21:45:45.180"/>
</kw>
<status status="PASS" starttime="20230227 21:45:45.095" endtime="20230227 21:45:45.181"/>
</kw>
<status status="PASS" starttime="20230227 21:45:45.093" endtime="20230227 21:45:45.184"/>
</test>
<test id="s1-t9" name="Verification des elements internes" line="40">
<kw name="verifier la page du cv">
<kw name="Page Should Contain" library="SeleniumLibrary">
<arg>COMPETANCES TECHNIQUES</arg>
<doc>Verifies that current page contains ``text``.</doc>
<msg timestamp="20230227 21:45:45.278" level="INFO">Current page contains text 'COMPETANCES TECHNIQUES'.</msg>
<status status="PASS" starttime="20230227 21:45:45.198" endtime="20230227 21:45:45.278"/>
</kw>
<kw name="Sleep" library="BuiltIn">
<arg>2</arg>
<doc>Pauses the test executed for the given time.</doc>
<msg timestamp="20230227 21:45:47.281" level="INFO">Slept 2 seconds</msg>
<status status="PASS" starttime="20230227 21:45:45.279" endtime="20230227 21:45:47.284"/>
</kw>
<kw name="Page Should Contain" library="SeleniumLibrary">
<arg>FORMATIONS</arg>
<doc>Verifies that current page contains ``text``.</doc>
<msg timestamp="20230227 21:45:47.332" level="INFO">Current page contains text 'FORMATIONS'.</msg>
<status status="PASS" starttime="20230227 21:45:47.286" endtime="20230227 21:45:47.333"/>
</kw>
<kw name="Sleep" library="BuiltIn">
<arg>2</arg>
<doc>Pauses the test executed for the given time.</doc>
<msg timestamp="20230227 21:45:49.339" level="INFO">Slept 2 seconds</msg>
<status status="PASS" starttime="20230227 21:45:47.333" endtime="20230227 21:45:49.339"/>
</kw>
<kw name="Page Should Contain" library="SeleniumLibrary">
<arg>About Me</arg>
<doc>Verifies that current page contains ``text``.</doc>
<msg timestamp="20230227 21:45:49.364" level="INFO">Current page contains text 'About Me'.</msg>
<status status="PASS" starttime="20230227 21:45:49.340" endtime="20230227 21:45:49.365"/>
</kw>
<kw name="Sleep" library="BuiltIn">
<arg>2</arg>
<doc>Pauses the test executed for the given time.</doc>
<msg timestamp="20230227 21:45:51.373" level="INFO">Slept 2 seconds</msg>
<status status="PASS" starttime="20230227 21:45:49.365" endtime="20230227 21:45:51.373"/>
</kw>
<kw name="Page Should Contain Image" library="SeleniumLibrary">
<arg>xpath://img[@class='img-thumbnail shadow-2-strong']</arg>
<doc>Verifies image identified by ``locator`` is found from current page.</doc>
<msg timestamp="20230227 21:45:51.398" level="INFO">Current page contains image 'xpath://img[@class='img-thumbnail shadow-2-strong']'.</msg>
<status status="PASS" starttime="20230227 21:45:51.374" endtime="20230227 21:45:51.398"/>
</kw>
<kw name="Sleep" library="BuiltIn">
<arg>2</arg>
<doc>Pauses the test executed for the given time.</doc>
<msg timestamp="20230227 21:45:53.404" level="INFO">Slept 2 seconds</msg>
<status status="PASS" starttime="20230227 21:45:51.398" endtime="20230227 21:45:53.405"/>
</kw>
<status status="PASS" starttime="20230227 21:45:45.197" endtime="20230227 21:45:53.407"/>
</kw>
<status status="PASS" starttime="20230227 21:45:45.195" endtime="20230227 21:45:53.412"/>
</test>
<test id="s1-t10" name="Fermer le navigateur" line="42">
<kw name="Close Browser" library="SeleniumLibrary">
<doc>Closes the current browser.</doc>
<status status="PASS" starttime="20230227 21:45:53.422" endtime="20230227 21:45:56.153"/>
</kw>
<status status="PASS" starttime="20230227 21:45:53.419" endtime="20230227 21:45:56.157"/>
</test>
<doc>documentation CVNAIM</doc>
<status status="PASS" starttime="20230227 21:45:19.588" endtime="20230227 21:45:56.164"/>
</suite>
<statistics>
<total>
<stat pass="10" fail="0" skip="0">All Tests</stat>
</total>
<tag>
</tag>
<suite>
<stat pass="10" fail="0" skip="0" id="s1" name="Test Site">Test Site</stat>
</suite>
</statistics>
<errors>
</errors>
</robot>
